c:\users\user\source\repos\throughthelookingglass\throughthelookingglass\x64\debug\vc142.pdb
c:\users\user\source\repos\throughthelookingglass\throughthelookingglass\x64\debug\vc142.idb
c:\users\user\source\repos\throughthelookingglass\throughthelookingglass\x64\debug\tinyfiledialogs.obj
c:\users\user\source\repos\throughthelookingglass\throughthelookingglass\x64\debug\glad.obj
c:\users\user\source\repos\throughthelookingglass\throughthelookingglass\x64\debug\sprites.obj
c:\users\user\source\repos\throughthelookingglass\throughthelookingglass\x64\debug\sprite.obj
c:\users\user\source\repos\throughthelookingglass\throughthelookingglass\x64\debug\source.obj
c:\users\user\source\repos\throughthelookingglass\throughthelookingglass\x64\debug\shader.obj
c:\users\user\source\repos\throughthelookingglass\throughthelookingglass\x64\debug\saveload.obj
c:\users\user\source\repos\throughthelookingglass\throughthelookingglass\x64\debug\resourceloadtext.obj
c:\users\user\source\repos\throughthelookingglass\throughthelookingglass\x64\debug\regex.obj
c:\users\user\source\repos\throughthelookingglass\throughthelookingglass\x64\debug\parse.obj
c:\users\user\source\repos\throughthelookingglass\throughthelookingglass\x64\debug\memory.obj
c:\users\user\source\repos\throughthelookingglass\throughthelookingglass\x64\debug\intpair.obj
c:\users\user\source\repos\throughthelookingglass\throughthelookingglass\x64\debug\helpergl.obj
c:\users\user\source\repos\throughthelookingglass\throughthelookingglass\x64\debug\grid.obj
c:\users\user\source\repos\throughthelookingglass\throughthelookingglass\x64\debug\draw.obj
c:\users\user\source\repos\throughthelookingglass\throughthelookingglass\x64\debug\constants.obj
c:\users\user\source\repos\throughthelookingglass\throughthelookingglass\x64\debug\click.obj
c:\users\user\source\repos\throughthelookingglass\throughthelookingglass\x64\debug\camera.obj
c:\users\user\source\repos\throughthelookingglass\throughthelookingglass\x64\debug\animation.obj
c:\users\user\source\repos\throughthelookingglass\throughthelookingglass\x64\debug\aabb.obj
c:\users\user\source\repos\throughthelookingglass\throughthelookingglass\x64\debug\world.obj
c:\users\user\source\repos\throughthelookingglass\throughthelookingglass\x64\debug\walk.obj
c:\users\user\source\repos\throughthelookingglass\throughthelookingglass\x64\debug\textureassets.obj
c:\users\user\source\repos\throughthelookingglass\throughthelookingglass\x64\debug\textdraw.obj
c:\users\user\source\repos\throughthelookingglass\throughthelookingglass\x64\debug\editortimemachine.obj
c:\users\user\source\repos\throughthelookingglass\throughthelookingglass\x64\debug\win32_platform.obj
c:\users\user\source\repos\throughthelookingglass\throughthelookingglass\x64\debug\gamestate.obj
c:\users\user\source\repos\throughthelookingglass\x64\debug\throughthelookingglass.exe
c:\users\user\source\repos\throughthelookingglass\x64\debug\throughthelookingglass.ilk
c:\users\user\source\repos\throughthelookingglass\x64\debug\throughthelookingglass.pdb
c:\users\user\source\repos\throughthelookingglass\throughthelookingglass\x64\debug\aabb.nativecodeanalysis.xml
c:\users\user\source\repos\throughthelookingglass\throughthelookingglass\x64\debug\animation.nativecodeanalysis.xml
c:\users\user\source\repos\throughthelookingglass\throughthelookingglass\x64\debug\camera.nativecodeanalysis.xml
c:\users\user\source\repos\throughthelookingglass\throughthelookingglass\x64\debug\click.nativecodeanalysis.xml
c:\users\user\source\repos\throughthelookingglass\throughthelookingglass\x64\debug\constants.nativecodeanalysis.xml
c:\users\user\source\repos\throughthelookingglass\throughthelookingglass\x64\debug\draw.nativecodeanalysis.xml
c:\users\user\source\repos\throughthelookingglass\throughthelookingglass\x64\debug\editortimemachine.nativecodeanalysis.xml
c:\users\user\source\repos\throughthelookingglass\throughthelookingglass\x64\debug\gamestate.nativecodeanalysis.xml
c:\users\user\source\repos\throughthelookingglass\throughthelookingglass\x64\debug\glad.nativecodeanalysis.xml
c:\users\user\source\repos\throughthelookingglass\throughthelookingglass\x64\debug\grid.nativecodeanalysis.xml
c:\users\user\source\repos\throughthelookingglass\throughthelookingglass\x64\debug\helpergl.nativecodeanalysis.xml
c:\users\user\source\repos\throughthelookingglass\throughthelookingglass\x64\debug\intpair.nativecodeanalysis.xml
c:\users\user\source\repos\throughthelookingglass\throughthelookingglass\x64\debug\memory.nativecodeanalysis.xml
c:\users\user\source\repos\throughthelookingglass\throughthelookingglass\x64\debug\parse.nativecodeanalysis.xml
c:\users\user\source\repos\throughthelookingglass\throughthelookingglass\x64\debug\regex.nativecodeanalysis.xml
c:\users\user\source\repos\throughthelookingglass\throughthelookingglass\x64\debug\resourceloadtext.nativecodeanalysis.xml
c:\users\user\source\repos\throughthelookingglass\throughthelookingglass\x64\debug\saveload.nativecodeanalysis.xml
c:\users\user\source\repos\throughthelookingglass\throughthelookingglass\x64\debug\shader.nativecodeanalysis.xml
c:\users\user\source\repos\throughthelookingglass\throughthelookingglass\x64\debug\source.nativecodeanalysis.xml
c:\users\user\source\repos\throughthelookingglass\throughthelookingglass\x64\debug\sprite.nativecodeanalysis.xml
c:\users\user\source\repos\throughthelookingglass\throughthelookingglass\x64\debug\sprites.nativecodeanalysis.xml
c:\users\user\source\repos\throughthelookingglass\throughthelookingglass\x64\debug\textdraw.nativecodeanalysis.xml
c:\users\user\source\repos\throughthelookingglass\throughthelookingglass\x64\debug\textureassets.nativecodeanalysis.xml
c:\users\user\source\repos\throughthelookingglass\throughthelookingglass\x64\debug\tinyfiledialogs.nativecodeanalysis.xml
c:\users\user\source\repos\throughthelookingglass\throughthelookingglass\x64\debug\vc.nativecodeanalysis.all.xml
c:\users\user\source\repos\throughthelookingglass\throughthelookingglass\x64\debug\walk.nativecodeanalysis.xml
c:\users\user\source\repos\throughthelookingglass\throughthelookingglass\x64\debug\win32_platform.nativecodeanalysis.xml
c:\users\user\source\repos\throughthelookingglass\throughthelookingglass\x64\debug\world.nativecodeanalysis.xml
c:\users\user\source\repos\throughthelookingglass\throughthelookingglass\x64\debug\throught.6a71e86b.tlog\cl.command.1.tlog
c:\users\user\source\repos\throughthelookingglass\throughthelookingglass\x64\debug\throught.6a71e86b.tlog\cl.read.1.tlog
c:\users\user\source\repos\throughthelookingglass\throughthelookingglass\x64\debug\throught.6a71e86b.tlog\cl.write.1.tlog
c:\users\user\source\repos\throughthelookingglass\throughthelookingglass\x64\debug\throught.6a71e86b.tlog\link.command.1.tlog
c:\users\user\source\repos\throughthelookingglass\throughthelookingglass\x64\debug\throught.6a71e86b.tlog\link.read.1.tlog
c:\users\user\source\repos\throughthelookingglass\throughthelookingglass\x64\debug\throught.6a71e86b.tlog\link.write.1.tlog
