c:\users\user\source\repos\throughthelookingglass\throughthelookingglass\x64\release\vc142.pdb
c:\users\user\source\repos\throughthelookingglass\throughthelookingglass\x64\release\glad.obj
c:\users\user\source\repos\throughthelookingglass\throughthelookingglass\x64\release\win32_platform.obj
c:\users\user\source\repos\throughthelookingglass\throughthelookingglass\x64\release\walk.obj
c:\users\user\source\repos\throughthelookingglass\throughthelookingglass\x64\release\shader.obj
c:\users\user\source\repos\throughthelookingglass\throughthelookingglass\x64\release\resourceloadtext.obj
c:\users\user\source\repos\throughthelookingglass\throughthelookingglass\x64\release\memory.obj
c:\users\user\source\repos\throughthelookingglass\throughthelookingglass\x64\release\intpair.obj
c:\users\user\source\repos\throughthelookingglass\throughthelookingglass\x64\release\grid.obj
c:\users\user\source\repos\throughthelookingglass\throughthelookingglass\x64\release\gamestate.obj
c:\users\user\source\repos\throughthelookingglass\throughthelookingglass\x64\release\camera.obj
c:\users\user\source\repos\throughthelookingglass\x64\release\throughthelookingglass.exe
c:\users\user\source\repos\throughthelookingglass\x64\release\throughthelookingglass.pdb
c:\users\user\source\repos\throughthelookingglass\x64\release\throughthelookingglass.ipdb
c:\users\user\source\repos\throughthelookingglass\x64\release\throughthelookingglass.iobj
c:\users\user\source\repos\throughthelookingglass\throughthelookingglass\x64\release\throught.6a71e86b.tlog\cl.command.1.tlog
c:\users\user\source\repos\throughthelookingglass\throughthelookingglass\x64\release\throught.6a71e86b.tlog\cl.read.1.tlog
c:\users\user\source\repos\throughthelookingglass\throughthelookingglass\x64\release\throught.6a71e86b.tlog\cl.write.1.tlog
c:\users\user\source\repos\throughthelookingglass\throughthelookingglass\x64\release\throught.6a71e86b.tlog\link.command.1.tlog
c:\users\user\source\repos\throughthelookingglass\throughthelookingglass\x64\release\throught.6a71e86b.tlog\link.read.1.tlog
c:\users\user\source\repos\throughthelookingglass\throughthelookingglass\x64\release\throught.6a71e86b.tlog\link.write.1.tlog
c:\users\user\source\repos\throughthelookingglass\throughthelookingglass\x64\release\throught.6a71e86b.tlog\throughthelookingglass.write.1u.tlog
